<?xml version="1.0" encoding="UTF-8"?>
<!-- Generated by org.testng.reporters.JUnitReportReporter -->
<testsuite hostname="Guri_Badwal" failures="0" tests="2" name="com.nopcommerce.AutomationFramework2.Tests.DemoStoreTest" time="19.309" errors="0" timestamp="2023-06-19T00:57:25 EDT" skipped="0">
  <testcase classname="com.nopcommerce.AutomationFramework2.Tests.DemoStoreTest" name="validateUserRegister" time="11.133"/>
  <system-out/>
  <testcase classname="com.nopcommerce.AutomationFramework2.Tests.DemoStoreTest" name="validateLoginWithPositiveCredential" time="8.176"/>
  <system-out/>
</testsuite> <!-- com.nopcommerce.AutomationFramework2.Tests.DemoStoreTest -->
