<?xml version="1.0" encoding="UTF-8"?>
<!-- Generated by org.testng.reporters.JUnitReportReporter -->
<testsuite hostname="Guri_Badwal" failures="0" tests="2" name="com.nopcommerce.AutomationFramework2.Tests.DemoStoreTest" time="16.328" errors="0" timestamp="2023-06-18T00:46:37 EDT" skipped="0">
  <testcase classname="com.nopcommerce.AutomationFramework2.Tests.DemoStoreTest" name="validateUserRegister" time="8.323"/>
  <system-out/>
  <testcase classname="com.nopcommerce.AutomationFramework2.Tests.DemoStoreTest" name="validateLoginWithPositivrCredential" time="8.005"/>
  <system-out/>
</testsuite> <!-- com.nopcommerce.AutomationFramework2.Tests.DemoStoreTest -->
